<?xml version="1.0" encoding="UTF-8"?>
<!-- Generated by org.testng.reporters.JUnitReportReporter -->
<testsuite hostname="Mohammad-Kamran" failures="0" tests="1" name="TestRunner.CucumberTestRunner" time="2.850" errors="0" timestamp="2025-01-03T00:55:43 IST" skipped="0">
  <testcase classname="TestRunner.CucumberTestRunner" name="runScenario" time="2.850"/>
</testsuite> <!-- TestRunner.CucumberTestRunner -->
